{"name": "Тест регистрации, авторизации и оформления заказа", "status": "broken", "statusDetails": {"message": "selenium.common.exceptions.TimeoutException: Message: \nStacktrace:\n\tGetHandleVerifier [0x00007FF769C32775+28773]\n\t(No symbol) [0x00007FF769B9AFB0]\n\t(No symbol) [0x00007FF769A3552A]\n\t(No symbol) [0x00007FF769A88EAE]\n\t(No symbol) [0x00007FF769A8919C]\n\t(No symbol) [0x00007FF769AD23F7]\n\t(No symbol) [0x00007FF769AAEFDF]\n\t(No symbol) [0x00007FF769ACF1A4]\n\t(No symbol) [0x00007FF769AAED43]\n\t(No symbol) [0x00007FF769A7A548]\n\t(No symbol) [0x00007FF769A7B6B1]\n\tGetHandleVerifier [0x00007FF769F5F45D+3358029]\n\tGetHandleVerifier [0x00007FF769F7430D+3443709]\n\tGetHandleVerifier [0x00007FF769F683FD+3394797]\n\tGetHandleVerifier [0x00007FF769CF929B+842635]\n\t(No symbol) [0x00007FF769BA654F]\n\t(No symbol) [0x00007FF769BA1FA4]\n\t(No symbol) [0x00007FF769BA213D]\n\t(No symbol) [0x00007FF769B91629]\n\tBaseThreadInitThunk [0x00007FFBE1F47374+20]\n\tRtlUserThreadStart [0x00007FFBE303CC91+33]", "trace": "opencart_page = <mazila.OpenCartPage object at 0x000001AE5D03A2D0>\n\n    @allure.title(\"Тест регистрации, авторизации и оформления заказа\")\n    @allure.description(\"Тест проверяет регистрацию, авторизацию и успешное оформление заказа.\")\n    def test_registration_login_and_checkout(opencart_page):\n        with allure.step(\"Открытие главной страницы\"):\n            opencart_page.navigate_to_home_page()\n    \n        with allure.step(\"Открытие страницы регистрации\"):\n>           step_click_element(opencart_page, By.XPATH, \"//a[contains(text(),'Регистрация')]\")\n\nmazila.py:75: \n_ _ _ _ _ _ _ _ _ _ _ _ _ _ _ _ _ _ _ _ _ _ _ _ _ _ _ _ _ _ _ _ _ _ _ _ _ _ _ _ _ _ _ _ _ _ _ _ _ _ _ _ _ _ _ _ _ _ _ _\nmazila.py:55: in step_click_element\n    page.click_element(by, locator)\nmazila.py:19: in click_element\n    element = WebDriverWait(self.driver, 10).until(\n_ _ _ _ _ _ _ _ _ _ _ _ _ _ _ _ _ _ _ _ _ _ _ _ _ _ _ _ _ _ _ _ _ _ _ _ _ _ _ _ _ _ _ _ _ _ _ _ _ _ _ _ _ _ _ _ _ _ _ _\n\nself = <selenium.webdriver.support.wait.WebDriverWait (session=\"7b6b9d9fd77a4f8785e1980ac04daf43\")>\nmethod = <function element_to_be_clickable.<locals>._predicate at 0x000001AE5EC636A0>, message = ''\n\n    def until(self, method, message: str = \"\"):\n        \"\"\"Calls the method provided with the driver as an argument until the \\\n        return value does not evaluate to ``False``.\n    \n        :param method: callable(WebDriver)\n        :param message: optional message for :exc:`TimeoutException`\n        :returns: the result of the last call to `method`\n        :raises: :exc:`selenium.common.exceptions.TimeoutException` if timeout occurs\n        \"\"\"\n        screen = None\n        stacktrace = None\n    \n        end_time = time.monotonic() + self._timeout\n        while True:\n            try:\n                value = method(self._driver)\n                if value:\n                    return value\n            except self._ignored_exceptions as exc:\n                screen = getattr(exc, 'screen', None)\n                stacktrace = getattr(exc, 'stacktrace', None)\n            time.sleep(self._poll)\n            if time.monotonic() > end_time:\n                break\n>       raise TimeoutException(message, screen, stacktrace)\nE       selenium.common.exceptions.TimeoutException: Message: \nE       Stacktrace:\nE       \tGetHandleVerifier [0x00007FF769C32775+28773]\nE       \t(No symbol) [0x00007FF769B9AFB0]\nE       \t(No symbol) [0x00007FF769A3552A]\nE       \t(No symbol) [0x00007FF769A88EAE]\nE       \t(No symbol) [0x00007FF769A8919C]\nE       \t(No symbol) [0x00007FF769AD23F7]\nE       \t(No symbol) [0x00007FF769AAEFDF]\nE       \t(No symbol) [0x00007FF769ACF1A4]\nE       \t(No symbol) [0x00007FF769AAED43]\nE       \t(No symbol) [0x00007FF769A7A548]\nE       \t(No symbol) [0x00007FF769A7B6B1]\nE       \tGetHandleVerifier [0x00007FF769F5F45D+3358029]\nE       \tGetHandleVerifier [0x00007FF769F7430D+3443709]\nE       \tGetHandleVerifier [0x00007FF769F683FD+3394797]\nE       \tGetHandleVerifier [0x00007FF769CF929B+842635]\nE       \t(No symbol) [0x00007FF769BA654F]\nE       \t(No symbol) [0x00007FF769BA1FA4]\nE       \t(No symbol) [0x00007FF769BA213D]\nE       \t(No symbol) [0x00007FF769B91629]\nE       \tBaseThreadInitThunk [0x00007FFBE1F47374+20]\nE       \tRtlUserThreadStart [0x00007FFBE303CC91+33]\n\nC:\\Users\\Logika\\AppData\\Roaming\\Python\\Python312\\site-packages\\selenium\\webdriver\\support\\wait.py:90: TimeoutException"}, "description": "Тест проверяет регистрацию, авторизацию и успешное оформление заказа.", "steps": [{"name": "Открытие главной страницы", "status": "passed", "start": 1733214619341, "stop": 1733214621358}, {"name": "Открытие страницы регистрации", "status": "broken", "statusDetails": {"message": "selenium.common.exceptions.TimeoutException: Message: \nStacktrace:\n\tGetHandleVerifier [0x00007FF769C32775+28773]\n\t(No symbol) [0x00007FF769B9AFB0]\n\t(No symbol) [0x00007FF769A3552A]\n\t(No symbol) [0x00007FF769A88EAE]\n\t(No symbol) [0x00007FF769A8919C]\n\t(No symbol) [0x00007FF769AD23F7]\n\t(No symbol) [0x00007FF769AAEFDF]\n\t(No symbol) [0x00007FF769ACF1A4]\n\t(No symbol) [0x00007FF769AAED43]\n\t(No symbol) [0x00007FF769A7A548]\n\t(No symbol) [0x00007FF769A7B6B1]\n\tGetHandleVerifier [0x00007FF769F5F45D+3358029]\n\tGetHandleVerifier [0x00007FF769F7430D+3443709]\n\tGetHandleVerifier [0x00007FF769F683FD+3394797]\n\tGetHandleVerifier [0x00007FF769CF929B+842635]\n\t(No symbol) [0x00007FF769BA654F]\n\t(No symbol) [0x00007FF769BA1FA4]\n\t(No symbol) [0x00007FF769BA213D]\n\t(No symbol) [0x00007FF769B91629]\n\tBaseThreadInitThunk [0x00007FFBE1F47374+20]\n\tRtlUserThreadStart [0x00007FFBE303CC91+33]\n\n", "trace": "  File \"D:\\allure-report-main\\mazila.py\", line 75, in test_registration_login_and_checkout\n    step_click_element(opencart_page, By.XPATH, \"//a[contains(text(),'Регистрация')]\")\n  File \"C:\\Users\\Logika\\AppData\\Roaming\\Python\\Python312\\site-packages\\allure_commons\\_allure.py\", line 192, in impl\n    return func(*a, **kw)\n           ^^^^^^^^^^^^^^\n  File \"D:\\allure-report-main\\mazila.py\", line 55, in step_click_element\n    page.click_element(by, locator)\n  File \"D:\\allure-report-main\\mazila.py\", line 19, in click_element\n    element = WebDriverWait(self.driver, 10).until(\n              ^^^^^^^^^^^^^^^^^^^^^^^^^^^^^^^^^^^^^\n  File \"C:\\Users\\Logika\\AppData\\Roaming\\Python\\Python312\\site-packages\\selenium\\webdriver\\support\\wait.py\", line 90, in until\n    raise TimeoutException(message, screen, stacktrace)\n"}, "steps": [{"name": "Нажать на элемент", "status": "broken", "statusDetails": {"message": "selenium.common.exceptions.TimeoutException: Message: \nStacktrace:\n\tGetHandleVerifier [0x00007FF769C32775+28773]\n\t(No symbol) [0x00007FF769B9AFB0]\n\t(No symbol) [0x00007FF769A3552A]\n\t(No symbol) [0x00007FF769A88EAE]\n\t(No symbol) [0x00007FF769A8919C]\n\t(No symbol) [0x00007FF769AD23F7]\n\t(No symbol) [0x00007FF769AAEFDF]\n\t(No symbol) [0x00007FF769ACF1A4]\n\t(No symbol) [0x00007FF769AAED43]\n\t(No symbol) [0x00007FF769A7A548]\n\t(No symbol) [0x00007FF769A7B6B1]\n\tGetHandleVerifier [0x00007FF769F5F45D+3358029]\n\tGetHandleVerifier [0x00007FF769F7430D+3443709]\n\tGetHandleVerifier [0x00007FF769F683FD+3394797]\n\tGetHandleVerifier [0x00007FF769CF929B+842635]\n\t(No symbol) [0x00007FF769BA654F]\n\t(No symbol) [0x00007FF769BA1FA4]\n\t(No symbol) [0x00007FF769BA213D]\n\t(No symbol) [0x00007FF769B91629]\n\tBaseThreadInitThunk [0x00007FFBE1F47374+20]\n\tRtlUserThreadStart [0x00007FFBE303CC91+33]\n\n", "trace": "  File \"C:\\Users\\Logika\\AppData\\Roaming\\Python\\Python312\\site-packages\\allure_commons\\_allure.py\", line 192, in impl\n    return func(*a, **kw)\n           ^^^^^^^^^^^^^^\n  File \"D:\\allure-report-main\\mazila.py\", line 55, in step_click_element\n    page.click_element(by, locator)\n  File \"D:\\allure-report-main\\mazila.py\", line 19, in click_element\n    element = WebDriverWait(self.driver, 10).until(\n              ^^^^^^^^^^^^^^^^^^^^^^^^^^^^^^^^^^^^^\n  File \"C:\\Users\\Logika\\AppData\\Roaming\\Python\\Python312\\site-packages\\selenium\\webdriver\\support\\wait.py\", line 90, in until\n    raise TimeoutException(message, screen, stacktrace)\n"}, "parameters": [{"name": "page", "value": "<mazila.OpenCartPage object at 0x000001AE5D03A2D0>"}, {"name": "by", "value": "'xpath'"}, {"name": "locator", "value": "'//a[contains(text(),'Регистрация')]'"}], "start": 1733214621358, "stop": 1733214631581}], "start": 1733214621358, "stop": 1733214631582}], "start": 1733214619341, "stop": 1733214631582, "uuid": "b6b98af0-cd8b-4d84-814b-ea64a367632f", "historyId": "51f032828ce98fc3eed78831706ab620", "testCaseId": "51f032828ce98fc3eed78831706ab620", "fullName": "mazila#test_registration_login_and_checkout", "labels": [{"name": "suite", "value": "mazila"}, {"name": "host", "value": "DESKTOP-1QIRKVQ"}, {"name": "thread", "value": "17072-MainThread"}, {"name": "framework", "value": "pytest"}, {"name": "language", "value": "cpython3"}, {"name": "package", "value": "mazila"}]}